# JRE version: Java(TM) SE Runtime Environment (21.0.1+12) (build 21.0.1+12-LTS-29)
# Java VM: Java HotSpot(TM) 64-Bit Server VM (21.0.1+12-LTS-29, mixed mode, sharing, tiered, compressed oops, compressed class ptrs, g1 gc, windows-amd64)
GC Precious Log:
 CardTable entry size: 512
 Card Set container configuration: InlinePtr #cards 5 size 8 Array Of Cards #cards 12 size 40 Howl #buckets 4 coarsen threshold 1843 Howl Bitmap #cards 512 size 80 coarsen threshold 460 Card regions per heap region 1 cards per card region 2048
 CPUs: 8 total, 8 available
 Memory: 8101M
 Large Page Support: Disabled
 NUMA Support: Disabled
 Compressed Oops: Enabled (32-bit)
 Heap Region Size: 1M
 Heap Min Capacity: 512M
 Heap Initial Capacity: 512M
 Heap Max Capacity: 1G
 Pre-touch: Disabled
 Parallel Workers: 8
 Concurrent Workers: 2
 Concurrent Refinement Workers: 8
 Periodic GC: Disabled
Heap:
 garbage-first heap   total 524288K, used 71134K [0x00000000c0000000, 0x0000000100000000)
  region size 1024K, 65 young (66560K), 14 survivors (14336K)
 Metaspace       used 45205K, committed 45888K, reserved 1114112K
  class space    used 5526K, committed 5824K, reserved 1048576K
GC Heap History (8 events):
Event: 1.540 GC heap before
{Heap before GC invocations=0 (full 0):
 garbage-first heap   total 524288K, used 25600K [0x00000000c0000000, 0x0000000100000000)
  region size 1024K, 25 young (25600K), 0 survivors (0K)
 Metaspace       used 6524K, committed 6784K, reserved 1114112K
  class space    used 756K, committed 896K, reserved 1048576K
}
Event: 1.549 GC heap after
{Heap after GC invocations=1 (full 0):
 garbage-first heap   total 524288K, used 6216K [0x00000000c0000000, 0x0000000100000000)
  region size 1024K, 4 young (4096K), 4 survivors (4096K)
 Metaspace       used 6524K, committed 6784K, reserved 1114112K
  class space    used 756K, committed 896K, reserved 1048576K
}
Event: 2.783 GC heap before
{Heap before GC invocations=1 (full 0):
 garbage-first heap   total 524288K, used 35912K [0x00000000c0000000, 0x0000000100000000)
  region size 1024K, 34 young (34816K), 4 survivors (4096K)
 Metaspace       used 14265K, committed 14592K, reserved 1114112K
  class space    used 1765K, committed 1920K, reserved 1048576K
}
Event: 2.788 GC heap after
{Heap after GC invocations=2 (full 0):
 garbage-first heap   total 524288K, used 9036K [0x00000000c0000000, 0x0000000100000000)
  region size 1024K, 3 young (3072K), 3 survivors (3072K)
 Metaspace       used 14265K, committed 14592K, reserved 1114112K
  class space    used 1765K, committed 1920K, reserved 1048576K
}
Event: 3.869 GC heap before
{Heap before GC invocations=2 (full 0):
 garbage-first heap   total 524288K, used 51020K [0x00000000c0000000, 0x0000000100000000)
  region size 1024K, 46 young (47104K), 3 survivors (3072K)
 Metaspace       used 21185K, committed 21504K, reserved 1114112K
  class space    used 2618K, committed 2752K, reserved 1048576K
}
Event: 3.874 GC heap after
{Heap after GC invocations=3 (full 0):
 garbage-first heap   total 524288K, used 12836K [0x00000000c0000000, 0x0000000100000000)
  region size 1024K, 7 young (7168K), 7 survivors (7168K)
 Metaspace       used 21185K, committed 21504K, reserved 1114112K
  class space    used 2618K, committed 2752K, reserved 1048576K
}
Event: 6.433 GC heap before
{Heap before GC invocations=4 (full 0):
 garbage-first heap   total 524288K, used 79396K [0x00000000c0000000, 0x0000000100000000)
  region size 1024K, 74 young (75776K), 7 survivors (7168K)
 Metaspace       used 35557K, committed 36096K, reserved 1114112K
  class space    used 4331K, committed 4544K, reserved 1048576K
}
Event: 6.460 GC heap after
{Heap after GC invocations=5 (full 0):
 garbage-first heap   total 524288K, used 19934K [0x00000000c0000000, 0x0000000100000000)
  region size 1024K, 14 young (14336K), 14 survivors (14336K)
 Metaspace       used 35557K, committed 36096K, reserved 1114112K
  class space    used 4331K, committed 4544K, reserved 1048576K
}

